<?xml version="1.0" encoding="UTF-8"?>
<robot generator="Robot 3.1.1 (Python 3.7.0 on win32)" generated="20190326 18:58:48.902" rpa="false">
<suite id="s1" name="Rbproj1" source="D:\robotproject_sample\robotproject\rbproj1">
<suite id="s1-s1" name="Test" source="D:\robotproject_sample\robotproject\rbproj1\test">
<suite id="s1-s1-s1" name="Testsuite1" source="D:\robotproject_sample\robotproject\rbproj1\test\testsuite1.robot">
<test id="s1-s1-s1-t1" name="Secondseleniumtest">
<kw name="Open Browser" library="SeleniumLibrary">
<doc>Opens a new browser instance to the given ``url``.</doc>
<arguments>
<arg>http://115.124.113.27:8086/</arg>
<arg>chrome</arg>
</arguments>
<msg timestamp="20190326 18:58:49.480" level="INFO">Opening browser 'chrome' to base url 'http://115.124.113.27:8086/'.</msg>
<status status="PASS" starttime="20190326 18:58:49.480" endtime="20190326 18:58:55.597"></status>
</kw>
<kw name="Maximize Browser Window" library="SeleniumLibrary">
<doc>Maximizes current browser window.</doc>
<status status="PASS" starttime="20190326 18:58:55.598" endtime="20190326 18:58:56.724"></status>
</kw>
<kw name="Click Element" library="SeleniumLibrary">
<doc>Click element identified by ``locator``.</doc>
<arguments>
<arg>xpath = //li[contains(@class,'login-reg-links')]//a[contains(text(),'Login')]</arg>
</arguments>
<msg timestamp="20190326 18:58:56.725" level="INFO">Clicking element 'xpath = //li[contains(@class,'login-reg-links')]//a[contains(text(),'Login')]'.</msg>
<status status="PASS" starttime="20190326 18:58:56.724" endtime="20190326 18:58:58.364"></status>
</kw>
<kw name="Input Text" library="SeleniumLibrary">
<doc>Types the given ``text`` into text field identified by ``locator``.</doc>
<arguments>
<arg>xpath= //input[@placeholder='User Name']</arg>
<arg>jefire</arg>
</arguments>
<msg timestamp="20190326 18:58:58.366" level="INFO">Typing text 'jefire' into text field 'xpath= //input[@placeholder='User Name']'.</msg>
<status status="PASS" starttime="20190326 18:58:58.366" endtime="20190326 18:58:58.565"></status>
</kw>
<kw name="Input Password" library="SeleniumLibrary">
<doc>Types the given password into text field identified by ``locator``.</doc>
<arguments>
<arg>xpath=//input[@id='txtpwd']</arg>
<arg>abc123</arg>
</arguments>
<msg timestamp="20190326 18:58:58.566" level="INFO">Typing password into text field 'xpath=//input[@id='txtpwd']'.</msg>
<status status="PASS" starttime="20190326 18:58:58.566" endtime="20190326 18:58:58.691"></status>
</kw>
<kw name="Sleep" library="BuiltIn">
<doc>Pauses the test executed for the given time.</doc>
<arguments>
<arg>5</arg>
</arguments>
<msg timestamp="20190326 18:59:03.693" level="INFO">Slept 5 seconds</msg>
<status status="PASS" starttime="20190326 18:58:58.691" endtime="20190326 18:59:03.693"></status>
</kw>
<kw name="Click Button" library="SeleniumLibrary">
<doc>Clicks button identified by ``locator``.</doc>
<arguments>
<arg>xpath = //button[contains(text(),'Sign in')]</arg>
</arguments>
<msg timestamp="20190326 18:59:03.695" level="INFO">Clicking button 'xpath = //button[contains(text(),'Sign in')]'.</msg>
<status status="PASS" starttime="20190326 18:59:03.694" endtime="20190326 18:59:03.752"></status>
</kw>
<kw name="Sleep" library="BuiltIn">
<doc>Pauses the test executed for the given time.</doc>
<arguments>
<arg>50</arg>
</arguments>
<msg timestamp="20190326 18:59:53.754" level="INFO">Slept 50 seconds</msg>
<status status="PASS" starttime="20190326 18:59:03.752" endtime="20190326 18:59:53.754"></status>
</kw>
<kw name="Wait Until Element Is Visible" library="SeleniumLibrary">
<doc>Waits until element ``locator`` is visible.</doc>
<arguments>
<arg>xpath = //li[@onclick='showNOCGrid("");']</arg>
</arguments>
<status status="PASS" starttime="20190326 18:59:53.754" endtime="20190326 18:59:53.787"></status>
</kw>
<kw name="Click Element" library="SeleniumLibrary">
<doc>Click element identified by ``locator``.</doc>
<arguments>
<arg>xpath = //li[@onclick='showNOCGrid("");']</arg>
</arguments>
<msg timestamp="20190326 18:59:53.788" level="INFO">Clicking element 'xpath = //li[@onclick='showNOCGrid("");']'.</msg>
<status status="PASS" starttime="20190326 18:59:53.788" endtime="20190326 18:59:54.257"></status>
</kw>
<kw name="Wait Until Element Is Visible" library="SeleniumLibrary">
<doc>Waits until element ``locator`` is visible.</doc>
<arguments>
<arg>xpath = //label[contains(text(),'Search:')]//input[@type='search']</arg>
</arguments>
<status status="PASS" starttime="20190326 18:59:54.257" endtime="20190326 18:59:54.909"></status>
</kw>
<kw name="Element Should Be Visible" library="SeleniumLibrary">
<doc>Verifies that the element identified by ``locator`` is visible.</doc>
<arguments>
<arg>xpath = //label[contains(text(),'Search:')]//input[@type='search']</arg>
</arguments>
<msg timestamp="20190326 18:59:55.010" level="INFO">Element 'xpath = //label[contains(text(),'Search:')]//input[@type='search']' is displayed.</msg>
<status status="PASS" starttime="20190326 18:59:54.909" endtime="20190326 18:59:55.010"></status>
</kw>
<kw name="Sleep" library="BuiltIn">
<doc>Pauses the test executed for the given time.</doc>
<arguments>
<arg>10</arg>
</arguments>
<msg timestamp="20190326 19:00:05.011" level="INFO">Slept 10 seconds</msg>
<status status="PASS" starttime="20190326 18:59:55.011" endtime="20190326 19:00:05.011"></status>
</kw>
<kw name="Close Browser" library="SeleniumLibrary">
<doc>Closes the current browser.</doc>
<status status="PASS" starttime="20190326 19:00:05.011" endtime="20190326 19:00:07.373"></status>
</kw>
<status status="PASS" starttime="20190326 18:58:49.478" endtime="20190326 19:00:07.373" critical="yes"></status>
</test>
<status status="PASS" starttime="20190326 18:58:49.272" endtime="20190326 19:00:07.374"></status>
</suite>
<status status="PASS" starttime="20190326 18:58:49.270" endtime="20190326 19:00:07.375"></status>
</suite>
<status status="PASS" starttime="20190326 18:58:49.242" endtime="20190326 19:00:07.377"></status>
</suite>
<statistics>
<total>
<stat pass="1" fail="0">Critical Tests</stat>
<stat pass="1" fail="0">All Tests</stat>
</total>
<tag>
</tag>
<suite>
<stat pass="1" fail="0" id="s1" name="Rbproj1">Rbproj1</stat>
<stat pass="1" fail="0" id="s1-s1" name="Test">Rbproj1.Test</stat>
<stat pass="1" fail="0" id="s1-s1-s1" name="Testsuite1">Rbproj1.Test.Testsuite1</stat>
</suite>
</statistics>
<errors>
</errors>
</robot>
