<?xml version="1.0" encoding="UTF-8"?>
<robot generator="Robot 3.1.1 (Python 3.7.0 on win32)" generated="20190313 14:39:38.474" rpa="false">
<suite id="s1" name="Rbproj1" source="D:\Nilesh - All data\New folder\rbproj1">
<suite id="s1-s1" name="Test" source="D:\Nilesh - All data\New folder\rbproj1\test">
<suite id="s1-s1-s1" name="Testsuite1" source="D:\Nilesh - All data\New folder\rbproj1\test\testsuite1.robot">
<test id="s1-s1-s1-t1" name="Secondseleniumtest">
<kw name="Open Browser" library="SeleniumLibrary">
<doc>Opens a new browser instance to the given ``url``.</doc>
<arguments>
<arg>http://115.124.113.27:8086/</arg>
<arg>chrome</arg>
</arguments>
<msg timestamp="20190313 14:39:38.655" level="INFO">Opening browser 'chrome' to base url 'http://115.124.113.27:8086/'.</msg>
<status status="PASS" starttime="20190313 14:39:38.654" endtime="20190313 14:39:46.245"></status>
</kw>
<kw name="Maximize Browser Window" library="SeleniumLibrary">
<doc>Maximizes current browser window.</doc>
<status status="PASS" starttime="20190313 14:39:46.247" endtime="20190313 14:39:47.369"></status>
</kw>
<kw name="Click Element" library="SeleniumLibrary">
<doc>Click element identified by ``locator``.</doc>
<arguments>
<arg>xpath = //li[contains(@class,'login-reg-links')]//a[contains(text(),'Login')]</arg>
</arguments>
<msg timestamp="20190313 14:39:47.372" level="INFO">Clicking element 'xpath = //li[contains(@class,'login-reg-links')]//a[contains(text(),'Login')]'.</msg>
<status status="PASS" starttime="20190313 14:39:47.371" endtime="20190313 14:39:51.034"></status>
</kw>
<kw name="Input Text" library="SeleniumLibrary">
<doc>Types the given ``text`` into text field identified by ``locator``.</doc>
<arguments>
<arg>xpath= //input[@placeholder='User Name']</arg>
<arg>jefire</arg>
</arguments>
<msg timestamp="20190313 14:39:51.035" level="INFO">Typing text 'jefire' into text field 'xpath= //input[@placeholder='User Name']'.</msg>
<status status="PASS" starttime="20190313 14:39:51.035" endtime="20190313 14:39:51.168"></status>
</kw>
<kw name="Input Password" library="SeleniumLibrary">
<doc>Types the given password into text field identified by ``locator``.</doc>
<arguments>
<arg>xpath=//input[@id='txtpwd']</arg>
<arg>abc123</arg>
</arguments>
<msg timestamp="20190313 14:39:51.169" level="INFO">Typing password into text field 'xpath=//input[@id='txtpwd']'.</msg>
<status status="PASS" starttime="20190313 14:39:51.168" endtime="20190313 14:39:51.263"></status>
</kw>
<kw name="Sleep" library="BuiltIn">
<doc>Pauses the test executed for the given time.</doc>
<arguments>
<arg>5</arg>
</arguments>
<msg timestamp="20190313 14:39:56.265" level="INFO">Slept 5 seconds</msg>
<status status="PASS" starttime="20190313 14:39:51.264" endtime="20190313 14:39:56.266"></status>
</kw>
<kw name="Click Button" library="SeleniumLibrary">
<doc>Clicks button identified by ``locator``.</doc>
<arguments>
<arg>xpath = //button[contains(text(),'Sign in')]</arg>
</arguments>
<msg timestamp="20190313 14:39:56.267" level="INFO">Clicking button 'xpath = //button[contains(text(),'Sign in')]'.</msg>
<status status="PASS" starttime="20190313 14:39:56.266" endtime="20190313 14:39:56.346"></status>
</kw>
<kw name="Sleep" library="BuiltIn">
<doc>Pauses the test executed for the given time.</doc>
<arguments>
<arg>50</arg>
</arguments>
<msg timestamp="20190313 14:40:46.348" level="INFO">Slept 50 seconds</msg>
<status status="PASS" starttime="20190313 14:39:56.346" endtime="20190313 14:40:46.349"></status>
</kw>
<kw name="Wait Until Element Is Visible" library="SeleniumLibrary">
<doc>Waits until element ``locator`` is visible.</doc>
<arguments>
<arg>xpath = //li[@onclick='showNOCGrid("");']</arg>
</arguments>
<status status="PASS" starttime="20190313 14:40:46.350" endtime="20190313 14:40:46.428"></status>
</kw>
<kw name="Click Element" library="SeleniumLibrary">
<doc>Click element identified by ``locator``.</doc>
<arguments>
<arg>xpath = //li[@onclick='showNOCGrid("");']</arg>
</arguments>
<msg timestamp="20190313 14:40:46.429" level="INFO">Clicking element 'xpath = //li[@onclick='showNOCGrid("");']'.</msg>
<status status="PASS" starttime="20190313 14:40:46.429" endtime="20190313 14:40:46.863"></status>
</kw>
<kw name="Wait Until Element Is Visible" library="SeleniumLibrary">
<doc>Waits until element ``locator`` is visible.</doc>
<arguments>
<arg>xpath = //label[contains(text(),'Search:')]//input[@type='search']</arg>
</arguments>
<status status="PASS" starttime="20190313 14:40:46.864" endtime="20190313 14:40:47.544"></status>
</kw>
<kw name="Element Should Be Visible" library="SeleniumLibrary">
<doc>Verifies that the element identified by ``locator`` is visible.</doc>
<arguments>
<arg>xpath = //label[contains(text(),'Search:')]//input[@type='search']</arg>
</arguments>
<msg timestamp="20190313 14:40:47.591" level="INFO">Element 'xpath = //label[contains(text(),'Search:')]//input[@type='search']' is displayed.</msg>
<status status="PASS" starttime="20190313 14:40:47.545" endtime="20190313 14:40:47.591"></status>
</kw>
<kw name="Sleep" library="BuiltIn">
<doc>Pauses the test executed for the given time.</doc>
<arguments>
<arg>10</arg>
</arguments>
<msg timestamp="20190313 14:40:57.592" level="INFO">Slept 10 seconds</msg>
<status status="PASS" starttime="20190313 14:40:47.592" endtime="20190313 14:40:57.593"></status>
</kw>
<kw name="Close Browser" library="SeleniumLibrary">
<doc>Closes the current browser.</doc>
<status status="PASS" starttime="20190313 14:40:57.593" endtime="20190313 14:41:00.078"></status>
</kw>
<status status="PASS" starttime="20190313 14:39:38.654" endtime="20190313 14:41:00.079" critical="yes"></status>
</test>
<status status="PASS" starttime="20190313 14:39:38.526" endtime="20190313 14:41:00.080"></status>
</suite>
<status status="PASS" starttime="20190313 14:39:38.524" endtime="20190313 14:41:00.083"></status>
</suite>
<status status="PASS" starttime="20190313 14:39:38.500" endtime="20190313 14:41:00.087"></status>
</suite>
<statistics>
<total>
<stat pass="1" fail="0">Critical Tests</stat>
<stat pass="1" fail="0">All Tests</stat>
</total>
<tag>
</tag>
<suite>
<stat pass="1" fail="0" id="s1" name="Rbproj1">Rbproj1</stat>
<stat pass="1" fail="0" id="s1-s1" name="Test">Rbproj1.Test</stat>
<stat pass="1" fail="0" id="s1-s1-s1" name="Testsuite1">Rbproj1.Test.Testsuite1</stat>
</suite>
</statistics>
<errors>
</errors>
</robot>
